This is pdfTeX, Version 3.141592653-2.6-1.40.28 (TeX Live 2025) (preloaded format=pdflatex 2025.10.29)  30 OCT 2025 20:27
entering extended mode
 restricted \write18 enabled.
 %&-line parsing enabled.
**main.tex
(./main.tex
LaTeX2e <2025-06-01> patch level 1
L3 programming layer <2025-10-24>
(c:/texlive/2025/texmf-dist/tex/latex/base/article.cls
Document Class: article 2025/01/22 v1.4n Standard LaTeX document class
(c:/texlive/2025/texmf-dist/tex/latex/base/size12.clo
File: size12.clo 2025/01/22 v1.4n Standard LaTeX file (size option)
)
\c@part=\count275
\c@section=\count276
\c@subsection=\count277
\c@subsubsection=\count278
\c@paragraph=\count279
\c@subparagraph=\count280
\c@figure=\count281
\c@table=\count282
\abovecaptionskip=\skip49
\belowcaptionskip=\skip50
\bibindent=\dimen148
)
(c:/texlive/2025/texmf-dist/tex/latex/geometry/geometry.sty
Package: geometry 2020/01/02 v5.9 Page Geometry

(c:/texlive/2025/texmf-dist/tex/latex/graphics/keyval.sty
Package: keyval 2022/05/29 v1.15 key=value parser (DPC)
\KV@toks@=\toks17
)
(c:/texlive/2025/texmf-dist/tex/generic/iftex/ifvtex.sty
Package: ifvtex 2019/10/25 v1.7 ifvtex legacy package. Use iftex instead.

(c:/texlive/2025/texmf-dist/tex/generic/iftex/iftex.sty
Package: iftex 2024/12/12 v1.0g TeX engine tests
))
\Gm@cnth=\count283
\Gm@cntv=\count284
\c@Gm@tempcnt=\count285
\Gm@bindingoffset=\dimen149
\Gm@wd@mp=\dimen150
\Gm@odd@mp=\dimen151
\Gm@even@mp=\dimen152
\Gm@layoutwidth=\dimen153
\Gm@layoutheight=\dimen154
\Gm@layouthoffset=\dimen155
\Gm@layoutvoffset=\dimen156
\Gm@dimlist=\toks18
)
(c:/texlive/2025/texmf-dist/tex/latex/setspace/setspace.sty
Package: setspace 2022/12/04 v6.7b set line spacing
)
(c:/texlive/2025/texmf-dist/tex/latex/graphics/graphicx.sty
Package: graphicx 2024/12/31 v1.2e Enhanced LaTeX Graphics (DPC,SPQR)

(c:/texlive/2025/texmf-dist/tex/latex/graphics/graphics.sty
Package: graphics 2024/08/06 v1.4g Standard LaTeX Graphics (DPC,SPQR)

(c:/texlive/2025/texmf-dist/tex/latex/graphics/trig.sty
Package: trig 2023/12/02 v1.11 sin cos tan (DPC)
)
(c:/texlive/2025/texmf-dist/tex/latex/graphics-cfg/graphics.cfg
File: graphics.cfg 2016/06/04 v1.11 sample graphics configuration
)
Package graphics Info: Driver file: pdftex.def on input line 106.

(c:/texlive/2025/texmf-dist/tex/latex/graphics-def/pdftex.def
File: pdftex.def 2025/09/29 v1.2d Graphics/color driver for pdftex
))
\Gin@req@height=\dimen157
\Gin@req@width=\dimen158
)
(c:/texlive/2025/texmf-dist/tex/latex/amsmath/amsmath.sty
Package: amsmath 2025/06/16 v2.17y AMS math features
\@mathmargin=\skip51

For additional information on amsmath, use the `?' option.
(c:/texlive/2025/texmf-dist/tex/latex/amsmath/amstext.sty
Package: amstext 2024/11/17 v2.01 AMS text

(c:/texlive/2025/texmf-dist/tex/latex/amsmath/amsgen.sty
File: amsgen.sty 1999/11/30 v2.0 generic functions
\@emptytoks=\toks19
\ex@=\dimen159
))
(c:/texlive/2025/texmf-dist/tex/latex/amsmath/amsbsy.sty
Package: amsbsy 1999/11/29 v1.2d Bold Symbols
\pmbraise@=\dimen160
)
(c:/texlive/2025/texmf-dist/tex/latex/amsmath/amsopn.sty
Package: amsopn 2022/04/08 v2.04 operator names
)
\inf@bad=\count286
LaTeX Info: Redefining \frac on input line 233.
\uproot@=\count287
\leftroot@=\count288
LaTeX Info: Redefining \overline on input line 398.
LaTeX Info: Redefining \colon on input line 409.
\classnum@=\count289
\DOTSCASE@=\count290
LaTeX Info: Redefining \ldots on input line 495.
LaTeX Info: Redefining \dots on input line 498.
LaTeX Info: Redefining \cdots on input line 619.
\Mathstrutbox@=\box53
\strutbox@=\box54
LaTeX Info: Redefining \big on input line 721.
LaTeX Info: Redefining \Big on input line 722.
LaTeX Info: Redefining \bigg on input line 723.
LaTeX Info: Redefining \Bigg on input line 724.
\big@size=\dimen161
LaTeX Font Info:    Redeclaring font encoding OML on input line 742.
LaTeX Font Info:    Redeclaring font encoding OMS on input line 743.
\macc@depth=\count291
LaTeX Info: Redefining \bmod on input line 904.
LaTeX Info: Redefining \pmod on input line 909.
LaTeX Info: Redefining \smash on input line 939.
LaTeX Info: Redefining \relbar on input line 969.
LaTeX Info: Redefining \Relbar on input line 970.
\c@MaxMatrixCols=\count292
\dotsspace@=\muskip17
\c@parentequation=\count293
\dspbrk@lvl=\count294
\tag@help=\toks20
\row@=\count295
\column@=\count296
\maxfields@=\count297
\andhelp@=\toks21
\eqnshift@=\dimen162
\alignsep@=\dimen163
\tagshift@=\dimen164
\tagwidth@=\dimen165
\totwidth@=\dimen166
\lineht@=\dimen167
\@envbody=\toks22
\multlinegap=\skip52
\multlinetaggap=\skip53
\mathdisplay@stack=\toks23
LaTeX Info: Redefining \[ on input line 2949.
LaTeX Info: Redefining \] on input line 2950.
)
(c:/texlive/2025/texmf-dist/tex/latex/tools/indentfirst.sty
Package: indentfirst 2023/07/02 v1.03 Indent first paragraph (DPC)
)
(c:/texlive/2025/texmf-dist/tex/latex/tools/array.sty
Package: array 2025/06/08 v2.6j Tabular extension package (FMi)
\col@sep=\dimen168
\ar@mcellbox=\box55
\extrarowheight=\dimen169
\NC@list=\toks24
\extratabsurround=\skip54
\backup@length=\skip55
\ar@cellbox=\box56
)
(c:/texlive/2025/texmf-dist/tex/latex/threeparttable/threeparttable.sty
Package: threeparttable 2003/06/13  v 3.0
\@tempboxb=\box57
)
(c:/texlive/2025/texmf-dist/tex/latex/caption/subcaption.sty
Package: subcaption 2023/07/28 v1.6b Sub-captions (AR)

(c:/texlive/2025/texmf-dist/tex/latex/caption/caption.sty
Package: caption 2023/08/05 v3.6o Customizing captions (AR)

(c:/texlive/2025/texmf-dist/tex/latex/caption/caption3.sty
Package: caption3 2023/07/31 v2.4d caption3 kernel (AR)
\caption@tempdima=\dimen170
\captionmargin=\dimen171
\caption@leftmargin=\dimen172
\caption@rightmargin=\dimen173
\caption@width=\dimen174
\caption@indent=\dimen175
\caption@parindent=\dimen176
\caption@hangindent=\dimen177
Package caption Info: Standard document class detected.
)
\c@caption@flags=\count298
\c@continuedfloat=\count299
Package caption Info: threeparttable package is loaded.
)
Package caption Info: New subtype `subfigure' on input line 238.
\c@subfigure=\count300
Package caption Info: New subtype `subtable' on input line 238.
\c@subtable=\count301
)
(c:/texlive/2025/texmf-dist/tex/latex/float/float.sty
Package: float 2001/11/08 v1.3d Float enhancements (AL)
\c@float@type=\count302
\float@exts=\toks25
\float@box=\box58
\@float@everytoks=\toks26
\@floatcapt=\box59
)
(c:/texlive/2025/texmf-dist/tex/latex/biblatex-chicago/biblatex-chicago.sty
Package: biblatex-chicago 2022/07/02 v 3.18 biblatex style

(c:/texlive/2025/texmf-dist/tex/latex/etoolbox/etoolbox.sty
Package: etoolbox 2025/10/02 v2.5m e-TeX tools for LaTeX (JAW)
\etb@tempcnta=\count303
)
(c:/texlive/2025/texmf-dist/tex/latex/hyperref/nameref.sty
Package: nameref 2025-06-21 v2.57 Cross-referencing by name of section

(c:/texlive/2025/texmf-dist/tex/latex/refcount/refcount.sty
Package: refcount 2019/12/15 v3.6 Data extraction from label references (HO)

(c:/texlive/2025/texmf-dist/tex/generic/ltxcmds/ltxcmds.sty
Package: ltxcmds 2023-12-04 v1.26 LaTeX kernel commands for general use (HO)
)
(c:/texlive/2025/texmf-dist/tex/generic/infwarerr/infwarerr.sty
Package: infwarerr 2019/12/03 v1.5 Providing info/warning/error messages (HO)
))
(c:/texlive/2025/texmf-dist/tex/generic/gettitlestring/gettitlestring.sty
Package: gettitlestring 2019/12/15 v1.6 Cleanup title references (HO)

(c:/texlive/2025/texmf-dist/tex/latex/kvoptions/kvoptions.sty
Package: kvoptions 2022-06-15 v3.15 Key value format for package options (HO)

(c:/texlive/2025/texmf-dist/tex/latex/kvsetkeys/kvsetkeys.sty
Package: kvsetkeys 2022-10-05 v1.19 Key value parser (HO)
)))
\c@section@level=\count304
)
(c:/texlive/2025/texmf-dist/tex/generic/xstring/xstring.sty
(c:/texlive/2025/texmf-dist/tex/generic/xstring/xstring.tex
\xs_counta=\count305
\xs_countb=\count306
)
Package: xstring 2023/08/22 v1.86 String manipulations (CT)
)
(c:/texlive/2025/texmf-dist/tex/latex/biblatex/biblatex.sty
Package: biblatex 2025/07/10 v3.21 programmable bibliographies (PK/MW)

(c:/texlive/2025/texmf-dist/tex/generic/pdftexcmds/pdftexcmds.sty
Package: pdftexcmds 2020-06-27 v0.33 Utility functions of pdfTeX for LuaTeX (HO
)
Package pdftexcmds Info: \pdf@primitive is available.
Package pdftexcmds Info: \pdf@ifprimitive is available.
Package pdftexcmds Info: \pdfdraftmode found.
)
(c:/texlive/2025/texmf-dist/tex/latex/logreq/logreq.sty
Package: logreq 2010/08/04 v1.0 xml request logger
\lrq@indent=\count307

(c:/texlive/2025/texmf-dist/tex/latex/logreq/logreq.def
File: logreq.def 2010/08/04 v1.0 logreq spec v1.0
))
(c:/texlive/2025/texmf-dist/tex/latex/base/ifthen.sty
Package: ifthen 2024/03/16 v1.1e Standard LaTeX ifthen package (DPC)
)
(c:/texlive/2025/texmf-dist/tex/latex/url/url.sty
\Urlmuskip=\muskip18
Package: url 2013/09/16  ver 3.4  Verb mode for urls, etc.
)
\c@tabx@nest=\count308
\c@listtotal=\count309
\c@listcount=\count310
\c@liststart=\count311
\c@liststop=\count312
\c@citecount=\count313
\c@citetotal=\count314
\c@multicitecount=\count315
\c@multicitetotal=\count316
\c@instcount=\count317
\c@maxnames=\count318
\c@minnames=\count319
\c@maxitems=\count320
\c@minitems=\count321
\c@citecounter=\count322
\c@maxcitecounter=\count323
\c@savedcitecounter=\count324
\c@uniquelist=\count325
\c@uniquename=\count326
\c@refsection=\count327
\c@refsegment=\count328
\c@maxextratitle=\count329
\c@maxextratitleyear=\count330
\c@maxextraname=\count331
\c@maxextradate=\count332
\c@maxextraalpha=\count333
\c@abbrvpenalty=\count334
\c@highnamepenalty=\count335
\c@lownamepenalty=\count336
\c@maxparens=\count337
\c@parenlevel=\count338
\blx@tempcnta=\count339
\blx@tempcntb=\count340
\blx@tempcntc=\count341
\c@blx@maxsection=\count342
\blx@maxsegment@0=\count343
\blx@notetype=\count344
\blx@parenlevel@text=\count345
\blx@parenlevel@foot=\count346
\blx@sectionciteorder@0=\count347
\blx@sectionciteorderinternal@0=\count348
\blx@entrysetcounter=\count349
\blx@biblioinstance=\count350
\labelnumberwidth=\skip56
\labelalphawidth=\skip57
\biblabelsep=\skip58
\bibitemsep=\skip59
\bibnamesep=\skip60
\bibinitsep=\skip61
\bibparsep=\skip62
\bibhang=\skip63
\blx@bcfin=\read2
\blx@bcfout=\write3
\blx@langwohyphens=\language90
\c@mincomprange=\count351
\c@maxcomprange=\count352
\c@mincompwidth=\count353
Package biblatex Info: Trying to load biblatex default data model...
Package biblatex Info: ... file 'blx-dm.def' found.

(c:/texlive/2025/texmf-dist/tex/latex/biblatex/blx-dm.def
File: blx-dm.def 2025/07/10 v3.21 biblatex datamodel (PK/MW)
)
Package biblatex Info: Trying to load biblatex style data model...
Package biblatex Info: ... file 'chicago-authordate.dbx' not found.
Package biblatex Info: Trying to load biblatex custom data model...
Package biblatex Info: ... file 'biblatex-dm.cfg' not found.
\c@afterword=\count354
\c@savedafterword=\count355
\c@annotator=\count356
\c@savedannotator=\count357
\c@author=\count358
\c@savedauthor=\count359
\c@bookauthor=\count360
\c@savedbookauthor=\count361
\c@commentator=\count362
\c@savedcommentator=\count363
\c@editor=\count364
\c@savededitor=\count365
\c@editora=\count366
\c@savededitora=\count367
\c@editorb=\count368
\c@savededitorb=\count369
\c@editorc=\count370
\c@savededitorc=\count371
\c@foreword=\count372
\c@savedforeword=\count373
\c@holder=\count374
\c@savedholder=\count375
\c@introduction=\count376
\c@savedintroduction=\count377
\c@namea=\count378
\c@savednamea=\count379
\c@nameb=\count380
\c@savednameb=\count381
\c@namec=\count382
\c@savednamec=\count383
\c@translator=\count384
\c@savedtranslator=\count385
\c@shortauthor=\count386
\c@savedshortauthor=\count387
\c@shorteditor=\count388
\c@savedshorteditor=\count389
\c@labelname=\count390
\c@savedlabelname=\count391
\c@institution=\count392
\c@savedinstitution=\count393
\c@lista=\count394
\c@savedlista=\count395
\c@listb=\count396
\c@savedlistb=\count397
\c@listc=\count398
\c@savedlistc=\count399
\c@listd=\count400
\c@savedlistd=\count401
\c@liste=\count402
\c@savedliste=\count403
\c@listf=\count404
\c@savedlistf=\count405
\c@location=\count406
\c@savedlocation=\count407
\c@organization=\count408
\c@savedorganization=\count409
\c@origlocation=\count410
\c@savedoriglocation=\count411
\c@origpublisher=\count412
\c@savedorigpublisher=\count413
\c@publisher=\count414
\c@savedpublisher=\count415
\c@language=\count416
\c@savedlanguage=\count417
\c@origlanguage=\count418
\c@savedoriglanguage=\count419
\c@pageref=\count420
\c@savedpageref=\count421
\shorthandwidth=\skip64
\shortjournalwidth=\skip65
\shortserieswidth=\skip66
\shorttitlewidth=\skip67
\shortauthorwidth=\skip68
\shorteditorwidth=\skip69
\locallabelnumberwidth=\skip70
\locallabelalphawidth=\skip71
\localshorthandwidth=\skip72
\localshortjournalwidth=\skip73
\localshortserieswidth=\skip74
\localshorttitlewidth=\skip75
\localshortauthorwidth=\skip76
\localshorteditorwidth=\skip77
Package biblatex Info: Trying to load compatibility code...
Package biblatex Info: ... file 'blx-compat.def' found.

(c:/texlive/2025/texmf-dist/tex/latex/biblatex/blx-compat.def
File: blx-compat.def 2025/07/10 v3.21 biblatex compatibility (PK/MW)
)
Package biblatex Info: Trying to load generic definitions...
Package biblatex Info: ... file 'biblatex.def' found.

(c:/texlive/2025/texmf-dist/tex/latex/biblatex/biblatex.def
File: biblatex.def 2025/07/10 v3.21 biblatex compatibility (PK/MW)
\c@textcitecount=\count422
\c@textcitetotal=\count423
\c@textcitemaxnames=\count424
\c@biburlbigbreakpenalty=\count425
\c@biburlbreakpenalty=\count426
\c@biburlnumpenalty=\count427
\c@biburlucpenalty=\count428
\c@biburllcpenalty=\count429
\biburlbigskip=\muskip19
\biburlnumskip=\muskip20
\biburlucskip=\muskip21
\biburllcskip=\muskip22
\c@smartand=\count430
)
Package biblatex Info: Trying to load bibliography style 'chicago-authordate'..
.
Package biblatex Info: ... file 'chicago-authordate.bbx' found.

(c:/texlive/2025/texmf-dist/tex/latex/biblatex-chicago/chicago-authordate.bbx
File: chicago-authordate.bbx 2022/11/17 v 3.18b biblatex bibliography style
\lositemsep=\skip78
Package biblatex Info: Delimiter 'revsdnamedelim' in context '' already defined
, overwriting.
\cms@tempcnta=\count431
\cms@tempcntb=\count432
\c@bbx:relatedcount=\count433
\c@bbx:relatedtotal=\count434
)
Package biblatex Info: Trying to load citation style 'chicago-authordate'...
Package biblatex Info: ... file 'chicago-authordate.cbx' found.

(c:/texlive/2025/texmf-dist/tex/latex/biblatex-chicago/chicago-authordate.cbx
File: chicago-authordate.cbx 2022/07/02 v 3.18 biblatex citation style
Package biblatex Info: Trying to load citation style 'chicago-dates-common'...
Package biblatex Info: ... file 'chicago-dates-common.cbx' found.

(c:/texlive/2025/texmf-dist/tex/latex/biblatex-chicago/chicago-dates-common.cbx
File: chicago-dates-common.cbx 2024/04/15 v 3.20 biblatex citation style
Package biblatex Info: Redefining '\cite'.
Package biblatex Info: Redefining '\parencite'.
Package biblatex Info: Redefining '\footcite'.
Package biblatex Info: Redefining '\footcitetext'.
Package biblatex Info: Redefining '\citetitle'.
Package biblatex Info: Redefining '\footfullcite'.
Package biblatex Info: Redefining '\fullcite'.
Package biblatex Info: Redefining '\textcite'.
Package biblatex Info: Redefining '\textcites'.
Package biblatex Info: Redefining '\cites'.
Package biblatex Info: Redefining '\parencites'.
Package biblatex Info: Redefining '\footcites'.
Package biblatex Info: Redefining '\footcitetexts'.
\c@cms@punct=\count435
Package biblatex Info: Delimiter 'dateeradelim' in context '' already defined, 
overwriting.
))
Package biblatex Info: Trying to load configuration file...
Package biblatex Info: ... file 'biblatex.cfg' found.
 (c:/texlive/2025/texmf-dist/tex/latex/biblatex/biblatex.cfg
File: biblatex.cfg 
)
Package biblatex Info: Input encoding 'utf8' detected.
Package biblatex Info: Document encoding is UTF8 ....

(c:/texlive/2025/texmf-dist/tex/latex/l3kernel/expl3.sty
Package: expl3 2025-10-24 L3 programming layer (loader) 

(c:/texlive/2025/texmf-dist/tex/latex/l3backend/l3backend-pdftex.def
File: l3backend-pdftex.def 2025-10-09 L3 backend support: PDF output (pdfTeX)
\l__color_backend_stack_int=\count436
))
Package biblatex Info: ... and expl3
(biblatex)             2025-10-24 L3 programming layer (loader) 
(biblatex)             is new enough (at least 2020/04/06),
(biblatex)             setting 'casechanger=expl3'.

(c:/texlive/2025/texmf-dist/tex/latex/biblatex/blx-case-expl3.sty
(c:/texlive/2025/texmf-dist/tex/latex/l3packages/xparse/xparse.sty
Package: xparse 2025-10-09 L3 Experimental document command parser
)
Package: blx-case-expl3 2025/07/10 v3.21 expl3 case changing code for biblatex
)))
\@quotelevel=\count437
\@quotereset=\count438

(./main.aux)
\openout1 = `main.aux'.

LaTeX Font Info:    Checking defaults for OML/cmm/m/it on input line 54.
LaTeX Font Info:    ... okay on input line 54.
LaTeX Font Info:    Checking defaults for OMS/cmsy/m/n on input line 54.
LaTeX Font Info:    ... okay on input line 54.
LaTeX Font Info:    Checking defaults for OT1/cmr/m/n on input line 54.
LaTeX Font Info:    ... okay on input line 54.
LaTeX Font Info:    Checking defaults for T1/cmr/m/n on input line 54.
LaTeX Font Info:    ... okay on input line 54.
LaTeX Font Info:    Checking defaults for TS1/cmr/m/n on input line 54.
LaTeX Font Info:    ... okay on input line 54.
LaTeX Font Info:    Checking defaults for OMX/cmex/m/n on input line 54.
LaTeX Font Info:    ... okay on input line 54.
LaTeX Font Info:    Checking defaults for U/cmr/m/n on input line 54.
LaTeX Font Info:    ... okay on input line 54.

*geometry* driver: auto-detecting
*geometry* detected driver: pdftex
*geometry* verbose mode - [ preamble ] result:
* driver: pdftex
* paper: a4paper
* layout: <same size as paper>
* layoutoffset:(h,v)=(0.0pt,0.0pt)
* modes: 
* h-part:(L,W,R)=(72.26999pt, 452.9679pt, 72.26999pt)
* v-part:(T,H,B)=(72.26999pt, 700.50687pt, 72.26999pt)
* \paperwidth=597.50787pt
* \paperheight=845.04684pt
* \textwidth=452.9679pt
* \textheight=700.50687pt
* \oddsidemargin=0.0pt
* \evensidemargin=0.0pt
* \topmargin=-37.0pt
* \headheight=12.0pt
* \headsep=25.0pt
* \topskip=12.0pt
* \footskip=30.0pt
* \marginparwidth=35.0pt
* \marginparsep=10.0pt
* \columnsep=10.0pt
* \skip\footins=10.8pt plus 4.0pt minus 2.0pt
* \hoffset=0.0pt
* \voffset=0.0pt
* \mag=1000
* \@twocolumnfalse
* \@twosidefalse
* \@mparswitchfalse
* \@reversemarginfalse
* (1in=72.27pt=25.4mm, 1cm=28.453pt)

(c:/texlive/2025/texmf-dist/tex/context/base/mkii/supp-pdf.mkii
[Loading MPS to PDF converter (version 2006.09.02).]
\scratchcounter=\count439
\scratchdimen=\dimen178
\scratchbox=\box60
\nofMPsegments=\count440
\nofMParguments=\count441
\everyMPshowfont=\toks27
\MPscratchCnt=\count442
\MPscratchDim=\dimen179
\MPnumerator=\count443
\makeMPintoPDFobject=\count444
\everyMPtoPDFconversion=\toks28
) (c:/texlive/2025/texmf-dist/tex/latex/epstopdf-pkg/epstopdf-base.sty
Package: epstopdf-base 2020-01-24 v2.11 Base part for package epstopdf
Package epstopdf-base Info: Redefining graphics rule for `.eps' on input line 4
85.

(c:/texlive/2025/texmf-dist/tex/latex/latexconfig/epstopdf-sys.cfg
File: epstopdf-sys.cfg 2010/07/13 v1.3 Configuration of (r)epstopdf for TeX Liv
e
))
Package caption Info: Begin \AtBeginDocument code.
Package caption Info: float package is loaded.
Package caption Info: End \AtBeginDocument code.
Package biblatex Info: Trying to load language 'english' -> 'cms-american'...
Package biblatex Info: ... file 'cms-american.lbx' found.

(c:/texlive/2025/texmf-dist/tex/latex/biblatex-chicago/cms-american.lbx
File: cms-american.lbx 2022/07/02 v 3.18 biblatex localization
Package biblatex Info: Trying to load language 'american'...
Package biblatex Info: ... file 'american.lbx' found.

(c:/texlive/2025/texmf-dist/tex/latex/biblatex/lbx/american.lbx
File: american.lbx 2025/07/10 v3.21 biblatex localization (PK/MW)
Package biblatex Info: Trying to load language 'english'...
Package biblatex Info: ... file 'english.lbx' found.

(c:/texlive/2025/texmf-dist/tex/latex/biblatex/lbx/english.lbx
File: english.lbx 2025/07/10 v3.21 biblatex localization (PK/MW)
))
Package biblatex Info: Trying to load language 'english'...
Package biblatex Info: ... file 'english.lbx' found.

(c:/texlive/2025/texmf-dist/tex/latex/biblatex/lbx/english.lbx
File: english.lbx 2025/07/10 v3.21 biblatex localization (PK/MW)
))
Package biblatex Info: Input encoding 'utf8' detected.
Package biblatex Info: Automatic encoding selection.
(biblatex)             Assuming data encoding 'utf8'.
\openout3 = `main.bcf'.

Package biblatex Info: Trying to load bibliographic data...
Package biblatex Info: ... file 'main.bbl' found.
 (./main.bbl)
Package biblatex Info: Reference section=0 on input line 54.
Package biblatex Info: Reference segment=0 on input line 54.


[1

{c:/texlive/2025/texmf-var/fonts/map/pdftex/updmap/pdftex.map}] (./main.toc)
\tf@toc=\write4
\openout4 = `main.toc'.



[1] (./main.lof)
\tf@lof=\write5
\openout5 = `main.lof'.



[2] (./main.lot)
\tf@lot=\write6
\openout6 = `main.lot'.



[3]

[1]

LaTeX Warning: Command \textthreesuperior invalid in math mode on input line 95
.


LaTeX Warning: Command \textthreesuperior invalid in math mode on input line 95
.

Missing character: There is no ³ in font cmr12!
<images/municipios_afetados_e_rio_map.png, id=23, 570.933pt x 474.66936pt>
File: images/municipios_afetados_e_rio_map.png Graphic file (type png)
<use images/municipios_afetados_e_rio_map.png>
Package pdftex.def Info: images/municipios_afetados_e_rio_map.png  used on inpu
t line 101.
(pdftex.def)             Requested size: 294.42636pt x 244.79424pt.
<images/zoom_river_map.png, id=25, 283.58748pt x 426.393pt>
File: images/zoom_river_map.png Graphic file (type png)
<use images/zoom_river_map.png>
Package pdftex.def Info: images/zoom_river_map.png  used on input line 108.
(pdftex.def)             Requested size: 149.48022pt x 224.75752pt.
<images/dam_structures.png, id=26, 989.94844pt x 813.0375pt>
File: images/dam_structures.png Graphic file (type png)
<use images/dam_structures.png>
Package pdftex.def Info: images/dam_structures.png  used on input line 124.
(pdftex.def)             Requested size: 271.7835pt x 223.20763pt.

LaTeX Warning: `h' float specifier changed to `ht'.



[2 <./images/municipios_afetados_e_rio_map.png> <./images/zoom_river_map.png>]
Underfull \hbox (badness 10000) in paragraph at lines 137--139

 []



[3 <./images/dam_structures.png>]
Overfull \hbox (2.71072pt too wide) in paragraph at lines 147--148
[]\OT1/cmr/m/n/12 Abadie, Di-a-mond, and Hain-mueller (2010) and []Abadie, Di-a
-mond, and Hain-mueller (2015),
 []



[4]
Underfull \hbox (badness 10000) in paragraph at lines 149--151

 []


Underfull \hbox (badness 10000) in paragraph at lines 159--161

 []



[5]
Overfull \hbox (42.23586pt too wide) detected at line 278
[][][]
 []



[6]
Overfull \vbox (41.26343pt too high) has occurred while \output is active []



[7]
Underfull \hbox (badness 10000) in paragraph at lines 280--282

 []



[8]
Underfull \hbox (badness 10000) in paragraph at lines 316--318

 []



[9]

[10]

[11]
Underfull \hbox (badness 10000) in paragraph at lines 376--378

 []



[12]
Underfull \hbox (badness 10000) in paragraph at lines 416--418

 []



[13]
Underfull \hbox (badness 10000) in paragraph at lines 424--426

 []

<images/gdp_2.png, id=78, 526.96875pt x 325.215pt>
File: images/gdp_2.png Graphic file (type png)
<use images/gdp_2.png>
Package pdftex.def Info: images/gdp_2.png  used on input line 438.
(pdftex.def)             Requested size: 317.07614pt x 195.69125pt.


[14 <./images/gdp_2.png>]
<images/gdp_5.png, id=83, 526.96875pt x 325.215pt>
File: images/gdp_5.png Graphic file (type png)
<use images/gdp_5.png>
Package pdftex.def Info: images/gdp_5.png  used on input line 447.
(pdftex.def)             Requested size: 317.07614pt x 195.69125pt.
<images/gdp_6.png, id=84, 526.96875pt x 325.215pt>
File: images/gdp_6.png Graphic file (type png)
<use images/gdp_6.png>
Package pdftex.def Info: images/gdp_6.png  used on input line 456.
(pdftex.def)             Requested size: 317.07614pt x 195.69125pt.


[15 <./images/gdp_5.png> <./images/gdp_6.png>]
<images/gdp_7.png, id=91, 526.96875pt x 325.215pt>
File: images/gdp_7.png Graphic file (type png)
<use images/gdp_7.png>
Package pdftex.def Info: images/gdp_7.png  used on input line 469.
(pdftex.def)             Requested size: 317.07614pt x 195.69125pt.

Underfull \hbox (badness 10000) in paragraph at lines 474--476

 []

<images/wage_2.png, id=92, 526.96875pt x 325.215pt>
File: images/wage_2.png Graphic file (type png)
<use images/wage_2.png>
Package pdftex.def Info: images/wage_2.png  used on input line 490.
(pdftex.def)             Requested size: 317.07614pt x 195.69125pt.

LaTeX Warning: `!h' float specifier changed to `!ht'.



[16 <./images/gdp_7.png>]
<images/wage_5.png, id=97, 526.96875pt x 325.215pt>
File: images/wage_5.png Graphic file (type png)
<use images/wage_5.png>
Package pdftex.def Info: images/wage_5.png  used on input line 501.
(pdftex.def)             Requested size: 317.07614pt x 195.69125pt.
<images/wage_6.png, id=98, 526.96875pt x 325.215pt>
File: images/wage_6.png Graphic file (type png)
<use images/wage_6.png>
Package pdftex.def Info: images/wage_6.png  used on input line 510.
(pdftex.def)             Requested size: 317.07614pt x 195.69125pt.


LaTeX Warning: `!h' float specifier changed to `!ht'.



[17 <./images/wage_2.png> <./images/wage_5.png>]
<images/wage_7.png, id=104, 526.96875pt x 325.215pt>
File: images/wage_7.png Graphic file (type png)
<use images/wage_7.png>
Package pdftex.def Info: images/wage_7.png  used on input line 522.
(pdftex.def)             Requested size: 317.07614pt x 195.69125pt.

Underfull \hbox (badness 10000) in paragraph at lines 527--529

 []



[18 <./images/wage_6.png> <./images/wage_7.png>]
<images/ln_wage_2.png, id=110, 526.96875pt x 325.215pt>
File: images/ln_wage_2.png Graphic file (type png)
<use images/ln_wage_2.png>
Package pdftex.def Info: images/ln_wage_2.png  used on input line 535.
(pdftex.def)             Requested size: 317.07614pt x 195.69125pt.
<images/ln_wage_5.png, id=111, 526.96875pt x 325.215pt>
File: images/ln_wage_5.png Graphic file (type png)
<use images/ln_wage_5.png>
Package pdftex.def Info: images/ln_wage_5.png  used on input line 544.
(pdftex.def)             Requested size: 317.07614pt x 195.69125pt.
<images/ln_wage_6.png, id=112, 526.96875pt x 325.215pt>
File: images/ln_wage_6.png Graphic file (type png)
<use images/ln_wage_6.png>
Package pdftex.def Info: images/ln_wage_6.png  used on input line 553.
(pdftex.def)             Requested size: 317.07614pt x 195.69125pt.


[19 <./images/ln_wage_2.png> <./images/ln_wage_5.png>]
<images/ln_wage_7.png, id=118, 526.96875pt x 325.215pt>
File: images/ln_wage_7.png Graphic file (type png)
<use images/ln_wage_7.png>
Package pdftex.def Info: images/ln_wage_7.png  used on input line 562.
(pdftex.def)             Requested size: 317.07614pt x 195.69125pt.


[20 <./images/ln_wage_6.png> <./images/ln_wage_7.png>]
Underfull \hbox (badness 10000) in paragraph at lines 573--575

 []

<images/prop_emp_2.png, id=124, 526.96875pt x 325.215pt>
File: images/prop_emp_2.png Graphic file (type png)
<use images/prop_emp_2.png>
Package pdftex.def Info: images/prop_emp_2.png  used on input line 581.
(pdftex.def)             Requested size: 317.07614pt x 195.69125pt.
<images/prop_emp_5.png, id=125, 526.96875pt x 325.215pt>
File: images/prop_emp_5.png Graphic file (type png)
<use images/prop_emp_5.png>
Package pdftex.def Info: images/prop_emp_5.png  used on input line 590.
(pdftex.def)             Requested size: 317.07614pt x 195.69125pt.

LaTeX Warning: `!h' float specifier changed to `!ht'.



[21 <./images/prop_emp_2.png>]
<images/prop_emp_6.png, id=131, 526.96875pt x 325.215pt>
File: images/prop_emp_6.png Graphic file (type png)
<use images/prop_emp_6.png>
Package pdftex.def Info: images/prop_emp_6.png  used on input line 603.
(pdftex.def)             Requested size: 317.07614pt x 195.69125pt.


[22 <./images/prop_emp_5.png> <./images/prop_emp_6.png>]
<images/prop_emp_7.png, id=137, 526.96875pt x 325.215pt>
File: images/prop_emp_7.png Graphic file (type png)
<use images/prop_emp_7.png>
Package pdftex.def Info: images/prop_emp_7.png  used on input line 612.
(pdftex.def)             Requested size: 317.07614pt x 195.69125pt.

Underfull \hbox (badness 10000) in paragraph at lines 617--619

 []

<images/va_agro_2.png, id=138, 526.96875pt x 325.215pt>
File: images/va_agro_2.png Graphic file (type png)
<use images/va_agro_2.png>
Package pdftex.def Info: images/va_agro_2.png  used on input line 630.
(pdftex.def)             Requested size: 217.42265pt x 134.18262pt.
<images/va_ind_2.png, id=139, 526.96875pt x 325.215pt>
File: images/va_ind_2.png Graphic file (type png)
<use images/va_ind_2.png>
Package pdftex.def Info: images/va_ind_2.png  used on input line 637.
(pdftex.def)             Requested size: 217.42265pt x 134.18262pt.

LaTeX Warning: `!h' float specifier changed to `!ht'.

<images/va_serv_2.png, id=140, 526.96875pt x 325.215pt>
File: images/va_serv_2.png Graphic file (type png)
<use images/va_serv_2.png>
Package pdftex.def Info: images/va_serv_2.png  used on input line 652.
(pdftex.def)             Requested size: 217.42265pt x 134.18262pt.
<images/va_adm_2.png, id=141, 526.96875pt x 325.215pt>
File: images/va_adm_2.png Graphic file (type png)
<use images/va_adm_2.png>
Package pdftex.def Info: images/va_adm_2.png  used on input line 659.
(pdftex.def)             Requested size: 217.42265pt x 134.18262pt.

LaTeX Warning: `!h' float specifier changed to `!ht'.



[23 <./images/prop_emp_7.png>]
<images/va_agro_5.png, id=146, 526.96875pt x 325.215pt>
File: images/va_agro_5.png Graphic file (type png)
<use images/va_agro_5.png>
Package pdftex.def Info: images/va_agro_5.png  used on input line 677.
(pdftex.def)             Requested size: 217.42265pt x 134.18262pt.
<images/va_ind_5.png, id=147, 526.96875pt x 325.215pt>
File: images/va_ind_5.png Graphic file (type png)
<use images/va_ind_5.png>
Package pdftex.def Info: images/va_ind_5.png  used on input line 684.
(pdftex.def)             Requested size: 217.42265pt x 134.18262pt.
<images/va_serv_5.png, id=148, 526.96875pt x 325.215pt>
File: images/va_serv_5.png Graphic file (type png)
<use images/va_serv_5.png>
Package pdftex.def Info: images/va_serv_5.png  used on input line 700.
(pdftex.def)             Requested size: 217.42265pt x 134.18262pt.
<images/va_adm_5.png, id=149, 526.96875pt x 325.215pt>
File: images/va_adm_5.png Graphic file (type png)
<use images/va_adm_5.png>
Package pdftex.def Info: images/va_adm_5.png  used on input line 707.
(pdftex.def)             Requested size: 217.42265pt x 134.18262pt.


LaTeX Warning: `!h' float specifier changed to `!ht'.



[24 <./images/va_agro_2.png> <./images/va_ind_2.png> <./images/va_serv_2.png> <
./images/va_adm_2.png> <./images/va_agro_5.png> <./images/va_ind_5.png>]
<images/va_agro_6.png, id=159, 526.96875pt x 325.215pt>
File: images/va_agro_6.png Graphic file (type png)
<use images/va_agro_6.png>
Package pdftex.def Info: images/va_agro_6.png  used on input line 725.
(pdftex.def)             Requested size: 217.42265pt x 134.18262pt.
<images/va_ind_6.png, id=160, 526.96875pt x 325.215pt>
File: images/va_ind_6.png Graphic file (type png)
<use images/va_ind_6.png>
Package pdftex.def Info: images/va_ind_6.png  used on input line 732.
(pdftex.def)             Requested size: 217.42265pt x 134.18262pt.
<images/va_serv_6.png, id=161, 526.96875pt x 325.215pt>
File: images/va_serv_6.png Graphic file (type png)
<use images/va_serv_6.png>
Package pdftex.def Info: images/va_serv_6.png  used on input line 748.
(pdftex.def)             Requested size: 217.42265pt x 134.18262pt.
<images/va_adm_6.png, id=162, 526.96875pt x 325.215pt>
File: images/va_adm_6.png Graphic file (type png)
<use images/va_adm_6.png>
Package pdftex.def Info: images/va_adm_6.png  used on input line 755.
(pdftex.def)             Requested size: 217.42265pt x 134.18262pt.


[25 <./images/va_serv_5.png> <./images/va_adm_5.png> <./images/va_agro_6.png> <
./images/va_ind_6.png> <./images/va_serv_6.png> <./images/va_adm_6.png>]
<images/va_agro_7.png, id=172, 526.96875pt x 325.215pt>
File: images/va_agro_7.png Graphic file (type png)
<use images/va_agro_7.png>
Package pdftex.def Info: images/va_agro_7.png  used on input line 773.
(pdftex.def)             Requested size: 217.42265pt x 134.18262pt.
<images/va_ind_7.png, id=173, 526.96875pt x 325.215pt>
File: images/va_ind_7.png Graphic file (type png)
<use images/va_ind_7.png>
Package pdftex.def Info: images/va_ind_7.png  used on input line 780.
(pdftex.def)             Requested size: 217.42265pt x 134.18262pt.
<images/va_serv_7.png, id=174, 526.96875pt x 325.215pt>
File: images/va_serv_7.png Graphic file (type png)
<use images/va_serv_7.png>
Package pdftex.def Info: images/va_serv_7.png  used on input line 796.
(pdftex.def)             Requested size: 217.42265pt x 134.18262pt.
<images/va_adm_7.png, id=175, 526.96875pt x 325.215pt>
File: images/va_adm_7.png Graphic file (type png)
<use images/va_adm_7.png>
Package pdftex.def Info: images/va_adm_7.png  used on input line 803.
(pdftex.def)             Requested size: 217.42265pt x 134.18262pt.

Underfull \hbox (badness 10000) in paragraph at lines 814--816

 []



[26 <./images/va_agro_7.png> <./images/va_ind_7.png> <./images/va_serv_7.png> <
./images/va_adm_7.png>]
<images/pib_municipios_map.png, id=183, 570.933pt x 473.80212pt>
File: images/pib_municipios_map.png Graphic file (type png)
<use images/pib_municipios_map.png>
Package pdftex.def Info: images/pib_municipios_map.png  used on input line 827.

(pdftex.def)             Requested size: 217.42265pt x 180.42984pt.
<images/pib_municipios_map_no_dowsntream.png, id=184, 570.933pt x 473.80212pt>
File: images/pib_municipios_map_no_dowsntream.png Graphic file (type png)
<use images/pib_municipios_map_no_dowsntream.png>
Package pdftex.def Info: images/pib_municipios_map_no_dowsntream.png  used on i
nput line 834.
(pdftex.def)             Requested size: 217.42265pt x 180.42984pt.
<images/gdp_wo_2.png, id=185, 526.96875pt x 325.215pt>
File: images/gdp_wo_2.png Graphic file (type png)
<use images/gdp_wo_2.png>
Package pdftex.def Info: images/gdp_wo_2.png  used on input line 849.
(pdftex.def)             Requested size: 317.07614pt x 195.69125pt.

Overfull \hbox (1.76524pt too wide) in paragraph at lines 854--855
[]\OT1/cmr/m/n/12 Figure 23[] shows the map of the donor pools gen-er-ated by m
atch-ing for $\OML/cmm/m/it/12 GDPPerCapita$
 []



[27 <./images/pib_municipios_map.png> <./images/pib_municipios_map_no_dowsntrea
m.png> <./images/gdp_wo_2.png>]
<images/gdp_wo_5.png, id=193, 526.96875pt x 325.215pt>
File: images/gdp_wo_5.png Graphic file (type png)
<use images/gdp_wo_5.png>
Package pdftex.def Info: images/gdp_wo_5.png  used on input line 865.
(pdftex.def)             Requested size: 317.07614pt x 195.69125pt.


[28 <./images/gdp_wo_5.png>]
Underfull \hbox (badness 10000) in paragraph at lines 888--890

 []



[29]

[30]

[31]

[32] (./main.aux)
 ***********
LaTeX2e <2025-06-01> patch level 1
L3 programming layer <2025-10-24>
 ***********


LaTeX Warning: Label(s) may have changed. Rerun to get cross-references right.

Package logreq Info: Writing requests to 'main.run.xml'.
\openout1 = `main.run.xml'.

 ) 
Here is how much of TeX's memory you used:
 15517 strings out of 467747
 300253 string characters out of 5431120
 1524709 words of memory out of 5000000
 44071 multiletter control sequences out of 15000+600000
 636680 words of font info for 71 fonts, out of 8000000 for 9000
 1141 hyphenation exceptions out of 8191
 84i,19n,93p,1434b,3949s stack positions out of 10000i,1000n,20000p,200000b,200000s
<c:/texlive/2025/texmf-dist/fonts/type1/public/amsfonts/cm/cmbx10.pfb><c:/tex
live/2025/texmf-dist/fonts/type1/public/amsfonts/cm/cmbx12.pfb><c:/texlive/2025
/texmf-dist/fonts/type1/public/amsfonts/cm/cmex10.pfb><c:/texlive/2025/texmf-di
st/fonts/type1/public/amsfonts/cm/cmmi10.pfb><c:/texlive/2025/texmf-dist/fonts/
type1/public/amsfonts/cm/cmmi12.pfb><c:/texlive/2025/texmf-dist/fonts/type1/pub
lic/amsfonts/cm/cmmi6.pfb><c:/texlive/2025/texmf-dist/fonts/type1/public/amsfon
ts/cm/cmmi8.pfb><c:/texlive/2025/texmf-dist/fonts/type1/public/amsfonts/cm/cmr1
0.pfb><c:/texlive/2025/texmf-dist/fonts/type1/public/amsfonts/cm/cmr12.pfb><c:/
texlive/2025/texmf-dist/fonts/type1/public/amsfonts/cm/cmr6.pfb><c:/texlive/202
5/texmf-dist/fonts/type1/public/amsfonts/cm/cmr7.pfb><c:/texlive/2025/texmf-dis
t/fonts/type1/public/amsfonts/cm/cmr8.pfb><c:/texlive/2025/texmf-dist/fonts/typ
e1/public/amsfonts/cm/cmsy10.pfb><c:/texlive/2025/texmf-dist/fonts/type1/public
/amsfonts/cm/cmsy8.pfb><c:/texlive/2025/texmf-dist/fonts/type1/public/amsfonts/
cm/cmti12.pfb>
Output written on main.pdf (36 pages, 5396889 bytes).
PDF statistics:
 274 PDF objects out of 1000 (max. 8388607)
 126 compressed objects within 2 object streams
 0 named destinations out of 1000 (max. 500000)
 196 words of extra memory for PDF output out of 10000 (max. 10000000)

